C51 COMPILER V9.54   MAIN                                                                  08/04/2023 17:52:43 PAGE 1   


C51 COMPILER V9.54, COMPILATION OF MODULE MAIN
OBJECT MODULE PLACED IN .\Objects\main.obj
COMPILER INVOKED BY: F:\Keli5\C51\BIN\C51.EXE main.c OPTIMIZE(8,SPEED) BROWSE DEBUG OBJECTEXTEND PRINT(.\Listings\main.l
                    -st) TABS(2) OBJECT(.\Objects\main.obj)

line level    source

   1          #include <REGX52.H>
   2          #include "Delay1.h"
   3          #include "Nixie.h"
   4          /*
   5          "" 这个文件是在自己的写的文件中寻找，但是<>这是在系统的安装目录中寻找
   6          */
   7          void main()
   8          {
   9   1         while(1)
  10   1         {
  11   2           Nixie(1,1);
  12   2           Nixie(2,2);
  13   2           Nixie(3,3);
  14   2         }
  15   1      }


MODULE INFORMATION:   STATIC OVERLAYABLE
   CODE SIZE        =     29    ----
   CONSTANT SIZE    =   ----    ----
   XDATA SIZE       =   ----    ----
   PDATA SIZE       =   ----    ----
   DATA SIZE        =   ----    ----
   IDATA SIZE       =   ----    ----
   BIT SIZE         =   ----    ----
END OF MODULE INFORMATION.


C51 COMPILATION COMPLETE.  0 WARNING(S),  0 ERROR(S)
