C51 COMPILER V9.54   NIXIE                                                                 08/04/2023 17:51:22 PAGE 1   


C51 COMPILER V9.54, COMPILATION OF MODULE NIXIE
OBJECT MODULE PLACED IN .\Objects\Nixie.obj
COMPILER INVOKED BY: F:\Keli5\C51\BIN\C51.EXE Nixie.c OPTIMIZE(8,SPEED) BROWSE DEBUG OBJECTEXTEND PRINT(.\Listings\Nixie
                    -.lst) TABS(2) OBJECT(.\Objects\Nixie.obj)

line level    source

   1          #include <REGX52.H>
   2          #include "Delay1.h"
   3          unsigned char NixieTable[]={0x3F,0x06,0x5B,0x4F,0x66,0x6D,0x7D,0x07,0x7F,0x6F};
   4          
   5          
   6          void Nixie(unsigned int Location,unsigned char Number)
   7          {
   8   1        switch(Location)
   9   1        {
  10   2          //因为第一个数字显示，在数码管上是链接Y7引脚所以为111，所以是三个端口为1
             -11
  11   2          case 1:P2_4=1;P2_3=1;P2_2=1; break;
  12   2          case 2:P2_4=1;P2_3=1;P2_2=0; break;
  13   2          case 3:P2_4=1;P2_3=0;P2_2=1; break;
  14   2          case 4:P2_4=1;P2_3=0;P2_2=0; break;
  15   2          case 5:P2_4=0;P2_3=1;P2_2=1; break;
  16   2          case 6:P2_4=0;P2_3=1;P2_2=0; break;
  17   2          case 7:P2_4=0;P2_3=0;P2_2=1; break;
  18   2          case 8:P2_4=0;P2_3=0;P2_2=0; break;
  19   2        }
  20   1        P0=NixieTable[Number];
  21   1        //这个函数页需要提前定义
  22   1        Delay1(1);
  23   1        //P0和P2是自定义的变量，所以需要先声明，此处就是引入头文件就可以了
  24   1        P0=0x00;
  25   1      }


MODULE INFORMATION:   STATIC OVERLAYABLE
   CODE SIZE        =    112    ----
   CONSTANT SIZE    =   ----    ----
   XDATA SIZE       =   ----    ----
   PDATA SIZE       =   ----    ----
   DATA SIZE        =     10    ----
   IDATA SIZE       =   ----    ----
   BIT SIZE         =   ----    ----
END OF MODULE INFORMATION.


C51 COMPILATION COMPLETE.  0 WARNING(S),  0 ERROR(S)
