C51 COMPILER V9.54   MAIN                                                                  08/09/2023 20:56:39 PAGE 1   


C51 COMPILER V9.54, COMPILATION OF MODULE MAIN
OBJECT MODULE PLACED IN .\Objects\main.obj
COMPILER INVOKED BY: F:\Keli5\C51\BIN\C51.EXE main.c OPTIMIZE(8,SPEED) BROWSE DEBUG OBJECTEXTEND PRINT(.\Listings\main.l
                    -st) TABS(2) OBJECT(.\Objects\main.obj)

line level    source

   1          #include <REGX52.H>
   2          #include "Delay1.h"
   3          #include "LCD1602.h"
   4          #include "MatrixKey.h"
   5          
   6          
   7          /*
   8          实现从新设置密码功能以及计次清零,取消是回位而不是直接全部删除
   9          */
  10          
  11          
  12          
  13          unsigned char KeyNum;
  14          unsigned int Password;
  15          unsigned int count;
  16          void main()  
  17          {
  18   1         LCD_Init();
  19   1        LCD_ShowString(1,1,"Password:");//  第一个参数是起始行位置，第二个参数是起始列位置
  20   1         while(1)
  21   1         {
  22   2          KeyNum=MatrixKey();
  23   2          if(KeyNum)
  24   2          {
  25   3            //s1-s10按键按下，就是在输入密码
  26   3            if(KeyNum<=10)
  27   3            {
  28   4              //因为输密码是从前往后，就相当于先输入高位数字，所以要乘以10，
  29   4               if(count<4)
  30   4               {
  31   5               Password*=10;
  32   5               Password +=KeyNum%10;
  33   5               count++;//记录密码位数
  34   5               }
  35   4              
  36   4              //Password *=10;
  37   4              //Password += KeyNum%10;//按谁表示就是几号，取余是因为10号按键表示0
  38   4            }     
  39   3            LCD_ShowNum(2,1,Password,4);//在LED屏幕上显示第几个按键
  40   3          }
  41   2          if(KeyNum==11)//如果11按键按下，表示密码确认，
  42   2          {
  43   3            //如果初始密码不为2345则这个就会出错
  44   3            if(Password==2345)
  45   3            {
  46   4              LCD_ShowString(1,13,"OK ");
  47   4              Password=0;
  48   4              count=0;//可以实现从新输入
  49   4              //LCD_ShowString(1,14,"  ");
  50   4              LCD_ShowNum(2,1,Password,4);        
  51   4            }else{
  52   4             LCD_ShowString(1,13,"ERR");
  53   4              Password=0;
  54   4              count=0;//
C51 COMPILER V9.54   MAIN                                                                  08/09/2023 20:56:39 PAGE 2   

  55   4              //LCD_ShowString(1,13,"   ");
  56   4              LCD_ShowNum(2,1,Password,4);//更新显示，显示删除之后的
  57   4            }
  58   3          }
  59   2          if(KeyNum==12)//K12被设置成了取消键
  60   2          {
  61   3            Password=0;
  62   3            count=0;
  63   3            LCD_ShowNum(2,1,Password,4);
  64   3          }
  65   2        } 
  66   1       }


MODULE INFORMATION:   STATIC OVERLAYABLE
   CODE SIZE        =    189    ----
   CONSTANT SIZE    =     18    ----
   XDATA SIZE       =   ----    ----
   PDATA SIZE       =   ----    ----
   DATA SIZE        =      5    ----
   IDATA SIZE       =   ----    ----
   BIT SIZE         =   ----    ----
END OF MODULE INFORMATION.


C51 COMPILATION COMPLETE.  0 WARNING(S),  0 ERROR(S)
