C51 COMPILER V9.54   MAIN                                                                  10/02/2023 16:33:03 PAGE 1   


C51 COMPILER V9.54, COMPILATION OF MODULE MAIN
OBJECT MODULE PLACED IN .\Objects\main.obj
COMPILER INVOKED BY: F:\Keli5\C51\BIN\C51.EXE main.c OPTIMIZE(8,SPEED) BROWSE DEBUG OBJECTEXTEND PRINT(.\Listings\main.l
                    -st) TABS(2) OBJECT(.\Objects\main.obj)

line level    source

   1          #include <REGX52.H>
   2          #include "LCD1602.h"
   3          #include "DS18B20.h"
   4          #include "Delay.h"
   5          unsigned char Ack;
   6          float T;
   7          void main()
   8          {
   9   1          DS18B20_ConvertT();
  10   1          Delay(1000);//延时1秒。保证不会读出这个温度传感器的默认值
  11   1          LCD_Init();
  12   1          LCD_ShowString(1,1,"Temperature:");
  13   1          
  14   1          while(1)
  15   1        {
  16   2          DS18B20_ConvertT(); //转换温度
  17   2          T=DS18B20_ReadT();  //读取温度
  18   2          if(T<0)       //如果温度小于0
  19   2          {
  20   3            LCD_ShowChar(2,1,'-');  //显示负号
  21   3            T=-T;     //将温度变为正数
  22   3          }
  23   2          else        //如果温度大于等于0
  24   2          {
  25   3            LCD_ShowChar(2,1,'+');  //显示正号
  26   3          }
  27   2          LCD_ShowNum(2,2,T,3);   //显示温度整数部分
  28   2          LCD_ShowChar(2,5,'.');    //显示小数点
  29   2          LCD_ShowNum(2,6,(unsigned long)(T*10000)%10000,4);//显示温度小数部分
  30   2         }
  31   1      }


MODULE INFORMATION:   STATIC OVERLAYABLE
   CODE SIZE        =    176    ----
   CONSTANT SIZE    =     13    ----
   XDATA SIZE       =   ----    ----
   PDATA SIZE       =   ----    ----
   DATA SIZE        =      5    ----
   IDATA SIZE       =   ----    ----
   BIT SIZE         =   ----    ----
END OF MODULE INFORMATION.


C51 COMPILATION COMPLETE.  0 WARNING(S),  0 ERROR(S)
