C51 COMPILER V9.54   MAIN                                                                  08/13/2023 11:35:13 PAGE 1   


C51 COMPILER V9.54, COMPILATION OF MODULE MAIN
OBJECT MODULE PLACED IN .\Objects\main.obj
COMPILER INVOKED BY: F:\Keli5\C51\BIN\C51.EXE main.c OPTIMIZE(8,SPEED) BROWSE DEBUG OBJECTEXTEND PRINT(.\Listings\main.l
                    -st) TABS(2) OBJECT(.\Objects\main.obj)

line level    source

   1          #include <REGX52.H>
   2          #include "Delay1.h"
   3          #include "MatrixLED.h"
   4          //自己设置一个字符，在使用取模软件自动生成
   5          unsigned char Animation[]={
   6            0x00,0x00,0x00,0x00,0x00,0x00,0x00,0x00,
   7            0xFF,0x18,0x08,0x18,0xFF,0x00,0x00,0xFF,0x91,0x91,0x00,0x00,0xFF,0x01,0x01,0x00,
   8          0xFF,0x01,0x01,0x00,0x7E,0x81,0x81,0x81,0x81,0x7E,0x00,0x00,0x00,0xF9,0x00,0x00,
   9          0x00,0x00,0x00,0x00,0x00,0x00,0x00,0x00,  
  10          };
  11          void main()
  12          {
  13   1        unsigned char i;
  14   1        unsigned char Offset=0,count=0;
  15   1        MatrixLED_Init();
  16   1      /*
  17   1        MatrixLED_ShowColumn(0,0xAA);
  18   1        亮点阵屏的第0列的 10101010 为1的亮
  19   1        */
  20   1        /*
  21   1        由于这个开发板没有LED灯，直接设置LED显示屏幕，
  22   1        然后需要拔掉他旁边的J24跳线帽
  23   1        */
  24   1        
  25   1        while(1)
  26   1        { 
  27   2          for(i=0;i<8;i++)
  28   2          {
  29   3          MatrixLED_ShowColumn(i,Animation[i+Offset]);
  30   3          }
  31   2          count++;
  32   2          //扫描次数
  33   2          if(count>10)
  34   2          {
  35   3           count=0;
  36   3          Offset++;
  37   3            if(Offset>40)
  38   3            {
  39   4            Offset=0;
  40   4            }
  41   3          }
  42   2          //可以自己构建图形，一列一列的来
  43   2          /*亮灯的表示1.不亮的就是0，别的
  44   2            MatrixLED_ShowColumn(0,Animation[0]);
  45   2            MatrixLED_ShowColumn(1,Animation[1]);
  46   2            MatrixLED_ShowColumn(2,Animation[2]);
  47   2            MatrixLED_ShowColumn(3,Animation[3]);
  48   2            MatrixLED_ShowColumn(4,Animation[4]);
  49   2            MatrixLED_ShowColumn(5,Animation[5]);
  50   2            MatrixLED_ShowColumn(6,Animation[6]);
  51   2            MatrixLED_ShowColumn(7,Animation[7]);
  52   2      */
  53   2        }
  54   1      }
C51 COMPILER V9.54   MAIN                                                                  08/13/2023 11:35:13 PAGE 2   



MODULE INFORMATION:   STATIC OVERLAYABLE
   CODE SIZE        =     60    ----
   CONSTANT SIZE    =   ----    ----
   XDATA SIZE       =   ----    ----
   PDATA SIZE       =   ----    ----
   DATA SIZE        =     48       3
   IDATA SIZE       =   ----    ----
   BIT SIZE         =   ----    ----
END OF MODULE INFORMATION.


C51 COMPILATION COMPLETE.  0 WARNING(S),  0 ERROR(S)
