C51 COMPILER V9.54   MATRIXLED                                                             08/12/2023 21:54:19 PAGE 1   


C51 COMPILER V9.54, COMPILATION OF MODULE MATRIXLED
OBJECT MODULE PLACED IN .\Objects\MatrixLED.obj
COMPILER INVOKED BY: F:\Keli5\C51\BIN\C51.EXE MatrixLED.c OPTIMIZE(8,SPEED) BROWSE DEBUG OBJECTEXTEND PRINT(.\Listings\M
                    -atrixLED.lst) TABS(2) OBJECT(.\Objects\MatrixLED.obj)

line level    source

   1          #include <REGX52.H>
   2          #include "Delay1.h"
   3          //RCLK=RCK,系统的等于自己命名的
   4          sbit RCK =P3^5;//进行从新声明，为了更号理解，表示P3的第五位
   5          sbit SCK=P3^6;
   6          sbit SER=P3^4;
   7          
   8          void _74HC595_WriteByte(unsigned char Byte)
   9          {
  10   1        unsigned int i;
  11   1        for(i=0;i<8;i++)
  12   1        {
  13   2          SER=Byte &(0x80>>i);
  14   2          SCK=1;
  15   2          SCK=0;
  16   2          /*
  17   2        SER=Byte &0x80; //如果他的最高为1，则&1000 0000之后最高位为1
  18   2        /*
  19   2        在写时SER只能等于1或者0，但是这个如果等号右非0时，
  20   2        就会自动等于1
  21   2        
  22   2        SCK=1;//和主函数=0，构成一个上升沿
  23   2        SCK=0;//回位
  24   2        SER=Byte&0x40;//移第二位
  25   2        SCK=1;
  26   2        SCK=0;
  27   2        SER=Byte&0x20;
  28   2        SCK=1;
  29   2        SCK=0;
  30   2          这样一共要写八次太慢了，使用一个循环*/
  31   2        }
  32   1        RCK=1;
  33   1        RCK=0;
  34   1      }
  35          /**
  36            * @brief  点阵屏初始化函数
  37            * @param 
  38            * @param    
  39            * @retval 
  40            */
  41          void MatrixLED_Init()
  42          {
  43   1        SCK=0;
  44   1        RCK=0;
  45   1      }
  46          
  47          /**
  48            * @brief  LED显示屏显示一列数据
  49            * @param  Column 表示要选择的列，依次0-7
  50            * @param  Data表示选择一列的行，也就是这一列拿一些灯亮，
  51                      高位在上，1表示亮，0表示灭
  52            * @retval 
  53            */
  54          void MatrixLED_ShowColumn(unsigned char Column,unsigned char Data)
C51 COMPILER V9.54   MATRIXLED                                                             08/12/2023 21:54:19 PAGE 2   

  55          {
  56   1         _74HC595_WriteByte(Data);
  57   1        P0=~(0x80>>Column);//也可以用if()
  58   1        //段选 位选 延时 位清零
  59   1        Delay1(1);
  60   1        P0=0xff;
  61   1      }


MODULE INFORMATION:   STATIC OVERLAYABLE
   CODE SIZE        =     94    ----
   CONSTANT SIZE    =   ----    ----
   XDATA SIZE       =   ----    ----
   PDATA SIZE       =   ----    ----
   DATA SIZE        =   ----    ----
   IDATA SIZE       =   ----    ----
   BIT SIZE         =   ----    ----
END OF MODULE INFORMATION.


C51 COMPILATION COMPLETE.  0 WARNING(S),  0 ERROR(S)
