C51 COMPILER V9.54   ONEWIRE                                                               08/17/2023 15:25:26 PAGE 1   


C51 COMPILER V9.54, COMPILATION OF MODULE ONEWIRE
OBJECT MODULE PLACED IN .\Objects\OneWire.obj
COMPILER INVOKED BY: F:\Keli5\C51\BIN\C51.EXE OneWire.c OPTIMIZE(8,SPEED) BROWSE DEBUG OBJECTEXTEND PRINT(.\Listings\One
                    -Wire.lst) TABS(2) OBJECT(.\Objects\OneWire.obj)

line level    source

   1          #include <REGX52.H>
   2          
   3          //引脚定义
   4          sbit OneWire_DQ=P3^7;
   5          
   6          /**
   7            * @brief  单总线初始化
   8            * @param  无
   9            * @retval 从机响应位，0为响应，1为未响应
  10            */
  11          unsigned char OneWire_Init(void)
  12          {
  13   1        unsigned char i;
  14   1        unsigned char AckBit;
  15   1        
  16   1        //屏蔽中断
  17   1        EA=0;
  18   1        OneWire_DQ=1;
  19   1        OneWire_DQ=0;
  20   1        i = 247;while (--i);    //Delay 500us
  21   1        OneWire_DQ=1;
  22   1        i = 32;while (--i);     //Delay 70us
  23   1        AckBit=OneWire_DQ;
  24   1        i = 247;while (--i);    //Delay 500us
  25   1        EA=1;
  26   1        return AckBit;
  27   1      }
  28          
  29          /**
  30            * @brief  单总线发送一位
  31            * @param  Bit 要发送的位
  32            * @retval 无
  33            */
  34          void OneWire_SendBit(unsigned char Bit)
  35          {
  36   1        unsigned char i;
  37   1        EA=0;
  38   1        OneWire_DQ=0;
  39   1        i = 4;while (--i);      //Delay 10us
  40   1        OneWire_DQ=Bit;
  41   1        i = 24;while (--i);     //Delay 50us
  42   1        OneWire_DQ=1;
  43   1        EA=1;
  44   1      }
  45          
  46          /**
  47            * @brief  单总线接收一位
  48            * @param  无
  49            * @retval 读取的位
  50            */
  51          unsigned char OneWire_ReceiveBit(void)
  52          {
  53   1        unsigned char i;
  54   1        unsigned char Bit;
C51 COMPILER V9.54   ONEWIRE                                                               08/17/2023 15:25:26 PAGE 2   

  55   1        EA=0;
  56   1        OneWire_DQ=0;
  57   1        i = 2;while (--i);      //Delay 5us
  58   1        OneWire_DQ=1;
  59   1        i = 2;while (--i);      //Delay 5us
  60   1        Bit=OneWire_DQ;
  61   1        i = 24;while (--i);     //Delay 50us
  62   1        EA=1;
  63   1        return Bit;
  64   1      }
  65          
  66          /**
  67            * @brief  单总线发送一个字节
  68            * @param  Byte 要发送的字节
  69            * @retval 无
  70            */
  71          void OneWire_SendByte(unsigned char Byte)
  72          {
  73   1        unsigned char i;
  74   1        for(i=0;i<8;i++)
  75   1        {
  76   2          OneWire_SendBit(Byte&(0x01<<i));
  77   2        }
  78   1      }
  79          
  80          /**
  81            * @brief  单总线接收一个字节
  82            * @param  无
  83            * @retval 接收的一个字节
  84            */
  85          unsigned char OneWire_ReceiveByte(void)
  86          {
  87   1        unsigned char i;
  88   1        unsigned char Byte=0x00;
  89   1        for(i=0;i<8;i++)
  90   1        {
  91   2          if(OneWire_ReceiveBit()){Byte|=(0x01<<i);}
  92   2        }
  93   1        return Byte;
  94   1      }


MODULE INFORMATION:   STATIC OVERLAYABLE
   CODE SIZE        =    134    ----
   CONSTANT SIZE    =   ----    ----
   XDATA SIZE       =   ----    ----
   PDATA SIZE       =   ----    ----
   DATA SIZE        =   ----    ----
   IDATA SIZE       =   ----    ----
   BIT SIZE         =   ----    ----
END OF MODULE INFORMATION.


C51 COMPILATION COMPLETE.  0 WARNING(S),  0 ERROR(S)
