C51 COMPILER V9.54   MAIN                                                                  09/11/2023 15:58:48 PAGE 1   


C51 COMPILER V9.54, COMPILATION OF MODULE MAIN
OBJECT MODULE PLACED IN .\Objects\main.obj
COMPILER INVOKED BY: F:\Keli5\C51\BIN\C51.EXE main.c OPTIMIZE(8,SPEED) BROWSE DEBUG OBJECTEXTEND PRINT(.\Listings\main.l
                    -st) TABS(2) OBJECT(.\Objects\main.obj)

line level    source

   1          #include <REGX52.H>
   2          #include "Delay.h"
   3          #include "Timer0.h"
   4          sbit Buzzer=P2^5;
   5          #define SPEED 500
   6          
   7          //Èü≥Á¨¶‰∏éÁ¥¢ÂºïÂØπÂ∫îË°®ÔºåPÔºö‰ºëÊ≠¢Á¨¶ÔºåLÔºö‰ΩéÈü≥ÔºåMÔºö‰∏≠Èü≥ÔºåHÔºöÈ´òÈü≥Ôºå‰∏ãÂàíÁ∫øÔºöÂçáÂçäÈü≥Á
             -¨¶Âè∑#
   8          #define P 0
   9          #define L1  1
  10          #define L1_ 2
  11          #define L2  3
  12          #define L2_ 4
  13          #define L3  5
  14          #define L4  6
  15          #define L4_ 7
  16          #define L5  8
  17          #define L5_ 9
  18          #define L6  10
  19          #define L6_ 11
  20          #define L7  12
  21          #define M1  13
  22          #define M1_ 14
  23          #define M2  15
  24          #define M2_ 16
  25          #define M3  17
  26          #define M4  18
  27          #define M4_ 19
  28          #define M5  20
  29          #define M5_ 21
  30          #define M6  22
  31          #define M6_ 23
  32          #define M7  24
  33          #define H1  25
  34          #define H1_ 26
  35          #define H2  27
  36          #define H2_ 28
  37          #define H3  29
  38          #define H4  30
  39          #define H4_ 31
  40          #define H5  32
  41          #define H5_ 33
  42          #define H6  34
  43          #define H6_ 35
  44          #define H7  36
  45          
  46          //Á¥¢Âºï‰∏éÈ¢ëÁéáÂØπÁÖßË°®
  47          unsigned int FreqTable[]={
  48            0,
  49            63628,63731,63835,63928,64021,64103,64185,64260,64331,64400,64463,64528,
  50            64580,64633,64684,64732,64777,64820,64860,64898,64934,64968,65000,65030,
  51            65058,65085,65110,65134,65157,65178,65198,65217,65235,65252,65268,65283,
  52          };
  53          //‰πêË∞±
C51 COMPILER V9.54   MAIN                                                                  09/11/2023 15:58:48 PAGE 2   

  54          //unsigned char Music[]={12,12,19,19,19,21,21,19,17,17,16,14,14,14,12};
  55          unsigned char code Music[]={
  56            //Èü≥Á¨¶,Êó∂ÂÄº,
  57            //1
  58            //1
  59          
  60          
  61          //1
  62          P,4,
  63          P,4,
  64          P,4,
  65          P,4,
  66          
  67          P,4,
  68          P,4,
  69          P,4,
  70          P,4,
  71          
  72          P,4,
  73          P,4,
  74          P,4,
  75          P,4,
  76          
  77          P,4,
  78          P,4,
  79          P,4,
  80          P,4,
  81          
  82          //ÂæòÂæäÁùÄÁöÑ
  83          P,2,
  84          M3,2,
  85          M3,2,
  86          M6,1,
  87          M6,1+2,
  88          M1,2,
  89          M2,2,
  90          M3,1,
  91          M3,1,
  92          
  93          //
  94          M3,4,
  95          M3,4,
  96          P,4,
  97          P,4,
  98          
  99          P,2,
 100          M3,2,
 101          M3,2,
 102          M6,1,
 103          M6,1+2,
 104          M5,1,
 105          M5,1+4,
 106          
 107          //
 108          M4,1,
 109          M3,1+2+4,
 110          P,4,
 111          P,4,
 112          
 113          //Á¨¨‰∏âÊÆµ
 114          P,2,
 115          M3,2,
C51 COMPILER V9.54   MAIN                                                                  09/11/2023 15:58:48 PAGE 3   

 116          M3,2,
 117          M6,1+1+2,
 118          M1,2,
 119          M1,2,
 120          M2,1,
 121          M3,1,
 122          
 123          M3,4,
 124          M3,4,
 125          P,4,
 126          P,4,
 127          
 128          P,2,
 129          M3,2,
 130          M3,2,
 131          M1,2,
 132          M4,2,
 133          M4,2,
 134          M3,2,
 135          M1,1,
 136          M1,1,
 137          
 138          M1,4,
 139          M1,4,
 140          P,2,
 141          M5,2,
 142          M6,2,
 143          M7,2,
 144          
 145          //Á¨¨ÂõõÊÆµ
 146          H1,2,
 147          M7,1,
 148          H1,1+1,
 149          M5,1,
 150          M6,1,
 151          M6,1,
 152          M6,1+1+1+1,
 153          M5,2,
 154          M4,2,
 155          
 156          M3,2,
 157          M3,2,
 158          M3,2,
 159          M4,1,
 160          M2,1+2,
 161          M5,2,
 162          M6,2,
 163          M7,2,
 164          
 165          //ÈáçÂ§çÁ¨¨‰∫åÊÆµ
 166          //ÂæòÂæäÁùÄÁöÑ
 167          P,2,
 168          M3,2,
 169          M3,2,
 170          M6,1,
 171          M6,1+2,
 172          M1,2,
 173          M2,2,
 174          M3,1,
 175          M3,1,
 176          
 177          //
C51 COMPILER V9.54   MAIN                                                                  09/11/2023 15:58:48 PAGE 4   

 178          M3,4,
 179          M3,4,
 180          P,4,
 181          P,4,
 182          
 183          P,2,
 184          M3,2,
 185          M3,2,
 186          M6,1,
 187          M6,1+2,
 188          M5,1,
 189          M5,1+4,
 190          
 191          //
 192          M4,1,
 193          M3,1+2+4,
 194          P,4,
 195          P,4,
 196          
 197          //Á¨¨‰∏âÊÆµ
 198          P,2,
 199          M3,2,
 200          M3,2,
 201          M6,1+1+2,
 202          M1,2,
 203          M1,2,
 204          M2,1,
 205          M3,1,
 206          
 207          M3,4,
 208          M3,4,
 209          P,4,
 210          P,4,
 211          
 212          P,2,
 213          M3,2,
 214          M3,2,
 215          M1,2,
 216          M4,2,
 217          M4,2,
 218          M3,2,
 219          M1,1,
 220          M1,1,
 221          
 222          M1,4,
 223          M1,4,
 224          P,2,
 225          M5,2,
 226          M6,2,
 227          M7,2,
 228          
 229          //Á¨¨ÂõõÊÆµ
 230          H1,2,
 231          M7,1,
 232          H1,1+1,
 233          M5,1,
 234          M6,1,
 235          M6,1,
 236          M6,1+1+1+1,
 237          M5,2,
 238          M4,2,
 239          
C51 COMPILER V9.54   MAIN                                                                  09/11/2023 15:58:48 PAGE 5   

 240          M3,2,
 241          M3,2,
 242          M3,2,
 243          M4,1,
 244          M2,1+2,
 245          M5,2,
 246          M6,2,
 247          M7,2,
 248          
 249          
 250          
 251          
 252          
 253          
 254          
 255          
 256          0xFF  //ÁªàÊ≠¢Ê†áÂøó
 257          };
 258          
 259          
 260          
 261          unsigned char FreqSelect,MusicSelect;
 262          void main()
 263          {
 264   1        Timer0Init();
 265   1        while(1)
 266   1        {
 267   2          if(Music[MusicSelect]!=0xFF)  //Â¶ÇÊûú‰∏çÊòØÂÅúÊ≠¢Ê†áÂøó‰Ωç
 268   2          {
 269   3            FreqSelect=Music[MusicSelect];  //ÈÄâÊã©Èü≥Á¨¶ÂØπÂ∫îÁöÑÈ¢ëÁéá
 270   3            MusicSelect++;
 271   3            Delay(SPEED/4*Music[MusicSelect]);  //ÈÄâÊã©Èü≥Á¨¶ÂØπÂ∫îÁöÑÊó∂ÂÄº
 272   3            MusicSelect++;
 273   3            TR0=0;   //ÂÖ≥Èó≠ÂÆöÊó∂Âô®
 274   3            Delay(5); //Èü≥Á¨¶Èó¥Áü≠ÊöÇÂÅúÈ°ø
 275   3            TR0=1;
 276   3          }
 277   2          else  //Â¶ÇÊûúÊòØÂÅúÊ≠¢Ê†áÂøó‰Ωç
 278   2          {
 279   3            TR0=0;  //ÂÖ≥Èó≠ÂÆöÊó∂Âô®
 280   3            while(1);
 281   3          }
 282   2          }
 283   1      }
 284          void Timer0_Routine() interrupt 1
 285          {
 286   1        if(FreqTable[FreqSelect])
 287   1        {
 288   2        TH0=FreqTable[FreqSelect]/256;
 289   2        TL0=FreqTable[FreqSelect]%256;//ËÆæÁΩÆÂÆöÊó∂ÂàùÂÄº
 290   2        Buzzer=!Buzzer;
 291   2        }
 292   1      }


MODULE INFORMATION:   STATIC OVERLAYABLE
   CODE SIZE        =    116    ----
   CONSTANT SIZE    =    305    ----
   XDATA SIZE       =   ----    ----
   PDATA SIZE       =   ----    ----
   DATA SIZE        =     76    ----
   IDATA SIZE       =   ----    ----
C51 COMPILER V9.54   MAIN                                                                  09/11/2023 15:58:48 PAGE 6   

   BIT SIZE         =   ----    ----
END OF MODULE INFORMATION.


C51 COMPILATION COMPLETE.  0 WARNING(S),  0 ERROR(S)
