C51 COMPILER V9.54   MAIN                                                                  08/03/2023 16:13:54 PAGE 1   


C51 COMPILER V9.54, COMPILATION OF MODULE MAIN
OBJECT MODULE PLACED IN .\Objects\main.obj
COMPILER INVOKED BY: F:\Keli5\C51\BIN\C51.EXE main.c OPTIMIZE(8,SPEED) BROWSE DEBUG OBJECTEXTEND PRINT(.\Listings\main.l
                    -st) TABS(2) OBJECT(.\Objects\main.obj)

line level    source

   1          #include <REGX52.H>
   2          
   3          void Delay(unsigned int xms)
   4          {
   5   1       unsigned char i,j;
   6   1        while(xms)
   7   1        {
   8   2          i=2;
   9   2          j=239;
  10   2          do{
  11   3           while(--j);
  12   3          }while(--i);
  13   2          xms--;
  14   2        }
  15   1      }
  16          unsigned char LedNum=0;
  17          void main()
  18          {
  19   1        
  20   1          P2=0xFE;
  21   1        while(1)
  22   1        {
  23   2          //表示独立按键被按下了一个
  24   2          if(P3_1==0)
  25   2          {
  26   3            //去除按键的抖动
  27   3            Delay(20);
  28   3            while(P3_1==0)
  29   3            Delay(20);
  30   3            
  31   3            LedNum=LedNum+1;//
  32   3            if(LedNum>=8)
  33   3            {
  34   4               LedNum=0;//如果LedNum加到第八位了，就归零，因为移位不可能大于8
  35   4               
  36   4            }
  37   3            P2=~(0x01<<LedNum);
  38   3               //左移一次
  39   3          }     
  40   2            if(P3_0==0)
  41   2            {
  42   3              Delay(20);
  43   3              while(P3_0==0)
  44   3              Delay(20);
  45   3              if(LedNum==0)
  46   3              {LedNum=7;}
  47   3              else
  48   3              {LedNum--;}
  49   3              P2=~(0x01<<LedNum);
  50   3            }       
  51   2          
  52   2        }
  53   1      }

C51 COMPILER V9.54   MAIN                                                                  08/03/2023 16:13:54 PAGE 2   


MODULE INFORMATION:   STATIC OVERLAYABLE
   CODE SIZE        =    114    ----
   CONSTANT SIZE    =   ----    ----
   XDATA SIZE       =   ----    ----
   PDATA SIZE       =   ----    ----
   DATA SIZE        =      1    ----
   IDATA SIZE       =   ----    ----
   BIT SIZE         =   ----    ----
END OF MODULE INFORMATION.


C51 COMPILATION COMPLETE.  0 WARNING(S),  0 ERROR(S)
