C51 COMPILER V9.54   UART                                                                  08/11/2023 20:59:19 PAGE 1   


C51 COMPILER V9.54, COMPILATION OF MODULE UART
OBJECT MODULE PLACED IN .\Objects\UART.obj
COMPILER INVOKED BY: F:\Keli5\C51\BIN\C51.EXE UART.c OPTIMIZE(8,SPEED) BROWSE DEBUG OBJECTEXTEND PRINT(.\Listings\UART.l
                    -st) TABS(2) OBJECT(.\Objects\UART.obj)

line level    source

   1          #include <REGX52.H>
   2          
   3          void UART_Init()
   4          {
   5   1        SCON = 0x40;
   6   1        PCON |=0x80;
   7   1        //选择波特率
   8   1        TMOD &=0x0F;
   9   1        TMOD |=0x20;//设置定时器模式
  10   1        TL1=0xF3;
  11   1        TH1=0xF3;
  12   1        ET1=0;
  13   1        TR1=1;
  14   1        /*使用STC软件自动生成
  15   1        void UartInit(void)   //4800bps@12.000MHz
  16   1      {
  17   1        PCON |= 0x80;   //使能波特率倍速位SMOD
  18   1        SCON = 0x50;    //8位数据,可变波特率
  19   1        TMOD &= 0x0F;   //清除定时器1模式位
  20   1        TMOD |= 0x20;   //设定定时器1为8位自动重装方式
  21   1        TL1 = 0xF3;   //设定定时初值
  22   1        TH1 = 0xF3;   //设定定时器重装值
  23   1        ET1 = 0;    //禁止定时器1中断
  24   1        TR1 = 1;    //启动定时器1
  25   1      }*/
  26   1      }
  27          //发送数据
  28          void UART_SendByte(unsigned char Byte)
  29          {
  30   1         SBUF=Byte;//将字符写入SBUF寄存器之后，只要波特率配置好之后
  31   1                   //就会自动发送
  32   1         while(TI==0);//发送完成的标志位
  33   1         TI=0;
  34   1      }


MODULE INFORMATION:   STATIC OVERLAYABLE
   CODE SIZE        =     31    ----
   CONSTANT SIZE    =   ----    ----
   XDATA SIZE       =   ----    ----
   PDATA SIZE       =   ----    ----
   DATA SIZE        =   ----    ----
   IDATA SIZE       =   ----    ----
   BIT SIZE         =   ----    ----
END OF MODULE INFORMATION.


C51 COMPILATION COMPLETE.  0 WARNING(S),  0 ERROR(S)
