C51 COMPILER V9.54   MAIN                                                                  08/16/2023 22:47:25 PAGE 1   


C51 COMPILER V9.54, COMPILATION OF MODULE MAIN
OBJECT MODULE PLACED IN .\Objects\main.obj
COMPILER INVOKED BY: F:\Keli5\C51\BIN\C51.EXE main.c OPTIMIZE(8,SPEED) BROWSE DEBUG OBJECTEXTEND PRINT(.\Listings\main.l
                    -st) TABS(2) OBJECT(.\Objects\main.obj)

line level    source

   1          #include <REGX52.H>
   2          #include "LCD1602.h"
   3          #include "Key.h"
   4          #include "AT24C02.h"
   5          #include "Delay.h"
   6          
   7          unsigned char KeyNum;
   8          unsigned int Num;
   9          
  10          void main()
  11          {
  12   1        LCD_Init();
  13   1        LCD_ShowNum(1,1,Num,5);
  14   1        while(1)
  15   1        {
  16   2          KeyNum=Key();
  17   2          if(KeyNum==1) //K1按键，Num自增
  18   2          {
  19   3            Num++;
  20   3            LCD_ShowNum(1,1,Num,5);
  21   3          }
  22   2          if(KeyNum==2) //K2按键，Num自减
  23   2          {
  24   3            Num--;
  25   3            LCD_ShowNum(1,1,Num,5);
  26   3          }
  27   2          if(KeyNum==3) //K3按键，向AT24C02写入数据
  28   2          {
  29   3            AT24C02_WriteByte(0,Num%256);
  30   3            //每一次写入数据必须要延时，读数据不需要
  31   3            Delay(5);
  32   3            AT24C02_WriteByte(1,Num/256);
  33   3            Delay(5);
  34   3            LCD_ShowString(2,1,"Write OK");
  35   3            Delay(1000);
  36   3            LCD_ShowString(2,1,"        ");
  37   3          }
  38   2          if(KeyNum==4) //K4按键，从AT24C02读取数据
  39   2          {
  40   3            Num=AT24C02_ReadByte(0);
  41   3            Num|=AT24C02_ReadByte(1)<<8;
  42   3            LCD_ShowNum(1,1,Num,5);
  43   3            LCD_ShowString(2,1,"Read OK ");
  44   3            Delay(1000);
  45   3            LCD_ShowString(2,1,"        ");
  46   3          }
  47   2        }
  48   1      }


MODULE INFORMATION:   STATIC OVERLAYABLE
   CODE SIZE        =    222    ----
   CONSTANT SIZE    =     27    ----
   XDATA SIZE       =   ----    ----
C51 COMPILER V9.54   MAIN                                                                  08/16/2023 22:47:25 PAGE 2   

   PDATA SIZE       =   ----    ----
   DATA SIZE        =      3    ----
   IDATA SIZE       =   ----    ----
   BIT SIZE         =   ----    ----
END OF MODULE INFORMATION.


C51 COMPILATION COMPLETE.  0 WARNING(S),  0 ERROR(S)
