C51 COMPILER V9.54   MAIN                                                                  08/11/2023 21:46:25 PAGE 1   


C51 COMPILER V9.54, COMPILATION OF MODULE MAIN
OBJECT MODULE PLACED IN .\Objects\main.obj
COMPILER INVOKED BY: F:\Keli5\C51\BIN\C51.EXE main.c OPTIMIZE(8,SPEED) BROWSE DEBUG OBJECTEXTEND PRINT(.\Listings\main.l
                    -st) TABS(2) OBJECT(.\Objects\main.obj)

line level    source

   1          
   2          #include <REGX52.H>
   3          #include "Delay.h"
   4          #include "UART.h"
   5          
   6          void main()
   7          {
   8   1        UART_Init();    //串口初始化
   9   1        while(1)
  10   1        {
  11   2          
  12   2        }
  13   1      }
  14          
  15          void UART_Routine() interrupt 4
  16          {
  17   1        if(RI==1)         //如果接收标志位为1，接收到了数据
  18   1        {
  19   2          P2=~SBUF;       //读取数据，取反后输出到LED
  20   2          UART_SendByte(SBUF);  //将受到的数据发回串口
  21   2          RI=0;         //接收标志位清0
  22   2        }
  23   1      }
  24          
  25          /*
  26          #include <REGX52.H>
  27          #include "Delay.h"
  28          #include "UART.h"
  29          void main()
  30          {
  31            UART_Init();
  32             while(1)
  33              {
  34              
  35              }
  36          }
  37          //中断会自己进入，不需要调用
  38          void UART_Routine() interrupt 4
  39          {
  40            //判断是发送数据导致的中断还是接收数据导致的中断
  41            if(RI==1)
  42            {
  43              //如果是接受中断，就把数据读出来放在P2口上
  44              P2=~SBUF;//读SBUf
  45              UART_SendByte(SBUF);//又把SBUF返回去
  46              RI=0; 
  47            }
  48              
  49          }
  50          */


MODULE INFORMATION:   STATIC OVERLAYABLE
   CODE SIZE        =     76    ----
C51 COMPILER V9.54   MAIN                                                                  08/11/2023 21:46:25 PAGE 2   

   CONSTANT SIZE    =   ----    ----
   XDATA SIZE       =   ----    ----
   PDATA SIZE       =   ----    ----
   DATA SIZE        =   ----    ----
   IDATA SIZE       =   ----    ----
   BIT SIZE         =   ----    ----
END OF MODULE INFORMATION.


C51 COMPILATION COMPLETE.  0 WARNING(S),  0 ERROR(S)
