C51 COMPILER V9.54   UART                                                                  08/11/2023 21:50:04 PAGE 1   


C51 COMPILER V9.54, COMPILATION OF MODULE UART
OBJECT MODULE PLACED IN .\Objects\UART.obj
COMPILER INVOKED BY: F:\Keli5\C51\BIN\C51.EXE UART.c OPTIMIZE(8,SPEED) BROWSE DEBUG OBJECTEXTEND PRINT(.\Listings\UART.l
                    -st) TABS(2) OBJECT(.\Objects\UART.obj)

line level    source

   1          
   2          #include <REGX52.H>
   3          
   4          /**
   5            * @brief  串口初始化，4800bps@12.000MHz
   6            * @param  无
   7            * @retval 无
   8            */
   9          void UART_Init()
  10          {
  11   1        SCON=0x50;
  12   1        PCON |= 0x80;
  13   1        TMOD &= 0x0F;   //设置定时器模式
  14   1        TMOD |= 0x20;   //设置定时器模式
  15   1        TL1 = 0xF3;   //设定定时初值
  16   1        TH1 = 0xF3;   //设定定时器重装值
  17   1        ET1 = 0;    //禁止定时器1中断
  18   1        TR1 = 1;    //启动定时器1
  19   1        EA=1;
  20   1        ES=1;
  21   1      }
  22          
  23          /**
  24            * @brief  串口发送一个字节数据
  25            * @param  Byte 要发送的一个字节数据
  26            * @retval 无
  27            */
  28          void UART_SendByte(unsigned char Byte)
  29          {
  30   1         SBUF=Byte;//将字符写入SBUF寄存器之后，只要波特率配置好之后
  31   1                   //就会自动发送
  32   1         while(TI==0);//发送完成的标志位
  33   1         TI=0;
  34   1      }
  35          //收数据，当电脑每一次发送就会触发中断，在中断函数中进行处理
  36          
  37          /*
  38          串口中断函数模板
  39          //中断会自己进入，不需要调用
  40          void UART_Routine() interrupt 4
  41          {
  42            //判断是发送数据导致的中断还是接收数据导致的中断
  43            if(RI==1)
  44            {
  45              
  46              RI=0; 
  47            }
  48              
  49          }
  50          */


MODULE INFORMATION:   STATIC OVERLAYABLE
   CODE SIZE        =     35    ----
C51 COMPILER V9.54   UART                                                                  08/11/2023 21:50:04 PAGE 2   

   CONSTANT SIZE    =   ----    ----
   XDATA SIZE       =   ----    ----
   PDATA SIZE       =   ----    ----
   DATA SIZE        =   ----    ----
   IDATA SIZE       =   ----    ----
   BIT SIZE         =   ----    ----
END OF MODULE INFORMATION.


C51 COMPILATION COMPLETE.  0 WARNING(S),  0 ERROR(S)
