C51 COMPILER V9.54   DELAY1                                                                08/08/2023 17:05:03 PAGE 1   


C51 COMPILER V9.54, COMPILATION OF MODULE DELAY1
OBJECT MODULE PLACED IN .\Objects\Delay1.obj
COMPILER INVOKED BY: F:\Keli5\C51\BIN\C51.EXE Delay1.c OPTIMIZE(8,SPEED) BROWSE DEBUG OBJECTEXTEND PRINT(.\Listings\Dela
                    -y1.lst) TABS(2) OBJECT(.\Objects\Delay1.obj)

line level    source

   1          
   2          void Delay1(unsigned int xms)
   3          {
   4   1       unsigned char i,j;
   5   1        while(xms)
   6   1        {
   7   2          i=2;
   8   2          j=239;
   9   2          do{
  10   3          while(--j);
  11   3          }while(--i);
  12   2          xms--;
  13   2        }
  14   1      }


MODULE INFORMATION:   STATIC OVERLAYABLE
   CODE SIZE        =     20    ----
   CONSTANT SIZE    =   ----    ----
   XDATA SIZE       =   ----    ----
   PDATA SIZE       =   ----    ----
   DATA SIZE        =   ----    ----
   IDATA SIZE       =   ----    ----
   BIT SIZE         =   ----    ----
END OF MODULE INFORMATION.


C51 COMPILATION COMPLETE.  0 WARNING(S),  0 ERROR(S)
