C51 COMPILER V9.54   MAIN                                                                  08/03/2023 15:27:51 PAGE 1   


C51 COMPILER V9.54, COMPILATION OF MODULE MAIN
OBJECT MODULE PLACED IN .\Objects\main.obj
COMPILER INVOKED BY: F:\Keli5\C51\BIN\C51.EXE main.c OPTIMIZE(8,SPEED) BROWSE DEBUG OBJECTEXTEND PRINT(.\Listings\main.l
                    -st) TABS(2) OBJECT(.\Objects\main.obj)

line level    source

   1          #include <REGX52.H>
   2          
   3          void Delay(unsigned int xms)    //@12.000MHz
   4          {
   5   1        unsigned char i, j;
   6   1       while(xms)
   7   1       {
   8   2        i = 2;
   9   2        j = 239;
  10   2        do
  11   2        {
  12   3          while (--j);
  13   3        } while (--i);
  14   2        xms=xms-1;
  15   2        }
  16   1      }
  17          
  18          void main()
  19          {
  20   1        unsigned char LED_num=0;
  21   1        while(1)
  22   1        {
  23   2          //P2_0=0;
  24   2         if(P3_1==0)
  25   2         {
  26   3            //这是进行按键检测所需要的步骤
  27   3            Delay(20);
  28   3            //检验有没有松手
  29   3            while(P3_1==0);
  30   3            Delay(20);
  31   3            //此时P2的表示的所有的灯的状态 1111 1111 全不亮
  32   3            //LED_num++;
  33   3            //P2=~LED_num;
  34   3           P2=P2+0x01;
  35   3          }
  36   2        }
  37   1      }


MODULE INFORMATION:   STATIC OVERLAYABLE
   CODE SIZE        =     47    ----
   CONSTANT SIZE    =   ----    ----
   XDATA SIZE       =   ----    ----
   PDATA SIZE       =   ----    ----
   DATA SIZE        =   ----       1
   IDATA SIZE       =   ----    ----
   BIT SIZE         =   ----    ----
END OF MODULE INFORMATION.


C51 COMPILATION COMPLETE.  0 WARNING(S),  0 ERROR(S)
