C51 COMPILER V9.54   MAIN                                                                  08/04/2023 07:22:59 PAGE 1   


C51 COMPILER V9.54, COMPILATION OF MODULE MAIN
OBJECT MODULE PLACED IN .\Objects\main.obj
COMPILER INVOKED BY: F:\Keli5\C51\BIN\C51.EXE main.c OPTIMIZE(8,SPEED) BROWSE DEBUG OBJECTEXTEND PRINT(.\Listings\main.l
                    -st) TABS(2) OBJECT(.\Objects\main.obj)

line level    source

   1          #include <REGX52.H>
   2          unsigned char NixieTable[]={0x3F,0x06,0x5B,0x4F,0x66,0x6D,0x7D,0x07,0x7F,0x6F};
   3          void Nixie(unsigned int Location,unsigned char Number)
   4          {
   5   1        switch(Location)
   6   1        {
   7   2          case 1:P2_4=1;P2_3=1;P2_2=1; break;
   8   2          case 2:P2_4=1;P2_3=1;P2_2=0; break;
   9   2          case 3:P2_4=1;P2_3=0;P2_2=1; break;
  10   2          case 4:P2_4=1;P2_3=0;P2_2=0; break;
  11   2          case 5:P2_4=0;P2_3=1;P2_2=1; break;
  12   2          case 6:P2_4=0;P2_3=1;P2_2=0; break;
  13   2          case 7:P2_4=0;P2_3=0;P2_2=1; break;
  14   2          case 8:P2_4=0;P2_3=0;P2_2=0; break;
  15   2        }
  16   1        P0=NixieTable[Number];
  17   1      }
  18          
  19          void Delay(unsigned int Nienum)   //@12.000MHz
  20          {
  21   1        unsigned char i, j;
  22   1        while(Nienum)
  23   1        {
  24   2        i = 2;
  25   2        j = 239;
  26   2        do
  27   2        {
  28   3          while (--j);
  29   3        } while (--i);
  30   2        Nienum--;
  31   2        }
  32   1      }
  33          
  34          void main()
  35          {
  36   1        
  37   1        while(1)
  38   1        {
  39   2          Nixie(1,1);
  40   2          Delay(1);
  41   2          Nixie(2,2);
  42   2          Delay(1);
  43   2          Nixie(3,3);
  44   2          Delay(1);
  45   2        }
  46   1      }


MODULE INFORMATION:   STATIC OVERLAYABLE
   CODE SIZE        =    163    ----
   CONSTANT SIZE    =   ----    ----
   XDATA SIZE       =   ----    ----
   PDATA SIZE       =   ----    ----
   DATA SIZE        =     10    ----
C51 COMPILER V9.54   MAIN                                                                  08/04/2023 07:22:59 PAGE 2   

   IDATA SIZE       =   ----    ----
   BIT SIZE         =   ----    ----
END OF MODULE INFORMATION.


C51 COMPILATION COMPLETE.  0 WARNING(S),  0 ERROR(S)
