C51 COMPILER V9.54   MAIN                                                                  08/02/2023 23:39:24 PAGE 1   


C51 COMPILER V9.54, COMPILATION OF MODULE MAIN
OBJECT MODULE PLACED IN .\Objects\main.obj
COMPILER INVOKED BY: F:\Keli5\C51\BIN\C51.EXE main.c OPTIMIZE(8,SPEED) BROWSE DEBUG OBJECTEXTEND PRINT(.\Listings\main.l
                    -st) TABS(2) OBJECT(.\Objects\main.obj)

line level    source

   1          #include <REGX52.H>
   2          //#include <>
   3          void Delay1ms(unsigned int xms)   //@12.000MHz
   4          {
   5   1        unsigned char i, j;
   6   1        //自己定义了参数来控制延时事时间
   7   1        while(xms)
   8   1        {
   9   2        i = 2;
  10   2        j = 239;
  11   2        do
  12   2        {
  13   3          while (--j);
  14   3        } while (--i);
  15   2        xms--;//自己写的，别的都是生成的
  16   2         }
  17   1      }
  18          //
  19          void main()
  20          {
  21   1          while(1)
  22   1          {
  23   2           //开始按键判断
  24   2            if(P3_1==0)
  25   2            {
  26   3             Delay1ms(20);//由于按键时会单片机内部会抖动
  27   3              //所以设置一个延时来跳过这个抖动的时间
  28   3              while(P3_1==0)
  29   3              {
  30   4               
  31   4              }
  32   3              //松开按键时也会抖动，也需要延时
  33   3              Delay1ms(20);
  34   3              //取反,实现按一次灯的状态改变一次
  35   3              P2_0=~P2_0;
  36   3            }
  37   2          }
  38   1      }


MODULE INFORMATION:   STATIC OVERLAYABLE
   CODE SIZE        =     44    ----
   CONSTANT SIZE    =   ----    ----
   XDATA SIZE       =   ----    ----
   PDATA SIZE       =   ----    ----
   DATA SIZE        =   ----    ----
   IDATA SIZE       =   ----    ----
   BIT SIZE         =   ----    ----
END OF MODULE INFORMATION.


C51 COMPILATION COMPLETE.  0 WARNING(S),  0 ERROR(S)
