C51 COMPILER V9.54   MAIN                                                                  09/09/2023 10:23:59 PAGE 1   


C51 COMPILER V9.54, COMPILATION OF MODULE MAIN
OBJECT MODULE PLACED IN .\Objects\main.obj
COMPILER INVOKED BY: F:\Keli5\C51\BIN\C51.EXE main.c OPTIMIZE(8,SPEED) BROWSE DEBUG OBJECTEXTEND PRINT(.\Listings\main.l
                    -st) TABS(2) OBJECT(.\Objects\main.obj)

line level    source

   1          #include <REGX52.H>
   2          #include "Delay.h"
   3          #include "MatrixLED.h"
   4          
   5          //????
   6          unsigned char code Animation[]={
   7            0x0C,0xD3,0xFC,0xD2,0x09,0x18,0x18,0x00,
   8            0x00,0x0C,0x0C,0x09,0xD2,0xFC,0xD3,0x0C,
   9            0x00,0x38,0x38,0x09,0xD2,0xFC,0xD3,0x0C,
  10            0x0C,0xD3,0xFC,0xD2,0x21,0xC0,0xC0,0x00,
  11            0x00,0x05,0x0A,0xD7,0xFB,0xDC,0x03,0x00,
  12            0x00,0x38,0x38,0x09,0xD2,0xFC,0xD3,0x0C,
  13            0x00,0x0B,0xDC,0xFB,0xD7,0x0A,0x05,0x00,
  14            0x00,0x20,0x7F,0xF8,0xB4,0x02,0x01,0x01,
  15            0x00,0x00,0x19,0x3F,0x7C,0x57,0x01,0x00,
  16            0x00,0x00,0x01,0x02,0x1C,0x3C,0x7B,0x58,
  17            0x00,0x00,0x19,0x3F,0x7C,0x57,0x01,0x00,
  18            0x00,0x00,0x19,0x3F,0x7C,0x57,0x01,0x00,
  19            0x20,0x10,0x20,0xFF,0xFC,0x26,0x12,0x08,
  20            0x00,0xC0,0x20,0xFF,0xFA,0x24,0xC0,0x00,
  21            0x00,0x00,0x30,0x7F,0xFE,0xA2,0x01,0x00,
  22              0x00,0x07,0x34,0x78,0xF8,0xB6,0x01,0x00,
  23            0x00,0x00,0x01,0x02,0x1C,0x3C,0x7B,0x58,
  24            0x00,0x07,0x34,0x78,0xF8,0xB6,0x01,0x00,
  25            0x00,0x00,0x01,0x02,0x1C,0x3C,0x7B,0x58,
  26            0x00,0x07,0x34,0x78,0xF8,0xB6,0x01,0x00,
  27            0x00,0x00,0x01,0x02,0x1C,0x3C,0x7B,0x58,
  28            };
  29          
  30          void main()
  31          {
  32   1        unsigned char i,Offset=0,Count=0;
  33   1        MatrixLED_Init();
  34   1        while(1)
  35   1        {
  36   2          for(i=0;i<8;i++)  
  37   2          {
  38   3            MatrixLED_ShowColumn(i,Animation[i+Offset]);
  39   3          }
  40   2          Count++;      
  41   2          if(Count>30)
  42   2          {
  43   3            Count=0;
  44   3            Offset+=8;    
  45   3            if(Offset>160)
  46   3            {
  47   4              Offset=0;
  48   4            }
  49   3          }
  50   2        }
  51   1      }


MODULE INFORMATION:   STATIC OVERLAYABLE
C51 COMPILER V9.54   MAIN                                                                  09/09/2023 10:23:59 PAGE 2   

   CODE SIZE        =     64    ----
   CONSTANT SIZE    =    168    ----
   XDATA SIZE       =   ----    ----
   PDATA SIZE       =   ----    ----
   DATA SIZE        =   ----       3
   IDATA SIZE       =   ----    ----
   BIT SIZE         =   ----    ----
END OF MODULE INFORMATION.


C51 COMPILATION COMPLETE.  0 WARNING(S),  0 ERROR(S)
