C51 COMPILER V9.54   KEY                                                                   08/10/2023 20:35:16 PAGE 1   


C51 COMPILER V9.54, COMPILATION OF MODULE KEY
OBJECT MODULE PLACED IN .\Objects\Key.obj
COMPILER INVOKED BY: F:\Keli5\C51\BIN\C51.EXE Key.c OPTIMIZE(8,SPEED) BROWSE DEBUG OBJECTEXTEND PRINT(.\Listings\Key.lst
                    -) TABS(2) OBJECT(.\Objects\Key.obj)

line level    source

   1          #include <REGX52.H>
   2          #include "Delay1.h"
   3          /**
   4            * @brief  获取独立按键编码
   5            * @param  无
   6            * @param   无 
   7            * @retval 有一个返回值，返回每一次按键的编号
   8            无按键按下时，返回值为0
   9            */
  10          
  11          unsigned char Key()
  12          {
  13   1        unsigned char KeyNumber=0;
  14   1        /*按键检测*/
  15   1        if(P3_1==0){Delay1(20);while(P3_1==0);Delay1(20);KeyNumber=1;}
  16   1        if(P3_0==0){Delay1(20);while(P3_0==0);Delay1(20);KeyNumber=2;}
  17   1        if(P3_2==0){Delay1(20);while(P3_2==0);Delay1(20);KeyNumber=3;}
  18   1        if(P3_3==0){Delay1(20);while(P3_3==0);Delay1(20);KeyNumber=4;}
  19   1        return KeyNumber;
  20   1      }


MODULE INFORMATION:   STATIC OVERLAYABLE
   CODE SIZE        =     97    ----
   CONSTANT SIZE    =   ----    ----
   XDATA SIZE       =   ----    ----
   PDATA SIZE       =   ----    ----
   DATA SIZE        =   ----       1
   IDATA SIZE       =   ----    ----
   BIT SIZE         =   ----    ----
END OF MODULE INFORMATION.


C51 COMPILATION COMPLETE.  0 WARNING(S),  0 ERROR(S)
