C51 COMPILER V9.54   MAIN                                                                  08/10/2023 20:46:15 PAGE 1   


C51 COMPILER V9.54, COMPILATION OF MODULE MAIN
OBJECT MODULE PLACED IN .\Objects\main.obj
COMPILER INVOKED BY: F:\Keli5\C51\BIN\C51.EXE main.c OPTIMIZE(8,SPEED) BROWSE DEBUG OBJECTEXTEND PRINT(.\Listings\main.l
                    -st) TABS(2) OBJECT(.\Objects\main.obj)

line level    source

   1          #include <REGX52.H>
   2          #include "Timer0.h"
   3          #include "Key.h"
   4          #include <INTRINS.H>
   5          unsigned char KeyNum,LEDMode;
   6          //中断函数,程序会自动跳转到中断函数处
   7          //即使没有定义，1毫秒中断一次
   8          void Timer0_Routine() interrupt 1
   9          {
  10   1        static unsigned int T0Count;
  11   1        TH0=0xFC;
  12   1        TL0=0x18;//设置定时初值
  13   1        T0Count++;
  14   1        if(T0Count>=500)
  15   1        {
  16   2          //重新赋初值
  17   2          T0Count=0;
  18   2          if(LEDMode==0)
  19   2          {
  20   3          P2=_crol_(P2,1);//这个函数的意思就是左移一位
  21   3          }
  22   2          if(LEDMode==1) P2=_cror_(P2,1);//右移一位
  23   2        }
  24   1      }
  25          void main()
  26          {
  27   1        P2=0xFE;
  28   1        Timer0_Init();
  29   1        while(1)
  30   1        {
  31   2          KeyNum=Key();
  32   2          if(KeyNum)
  33   2          {
  34   3           if(KeyNum==1)
  35   3           {
  36   4             LEDMode++;
  37   4             if(LEDMode>=2)
  38   4             {
  39   5               LEDMode=0;
  40   5             }
  41   4            }      
  42   3          }
  43   2        }
  44   1      }


MODULE INFORMATION:   STATIC OVERLAYABLE
   CODE SIZE        =    116    ----
   CONSTANT SIZE    =   ----    ----
   XDATA SIZE       =   ----    ----
   PDATA SIZE       =   ----    ----
   DATA SIZE        =      4    ----
   IDATA SIZE       =   ----    ----
   BIT SIZE         =   ----    ----
C51 COMPILER V9.54   MAIN                                                                  08/10/2023 20:46:15 PAGE 2   

END OF MODULE INFORMATION.


C51 COMPILATION COMPLETE.  0 WARNING(S),  0 ERROR(S)
