C51 COMPILER V9.54   MAIN                                                                  08/02/2023 23:10:02 PAGE 1   


C51 COMPILER V9.54, COMPILATION OF MODULE MAIN
OBJECT MODULE PLACED IN .\Objects\main.obj
COMPILER INVOKED BY: F:\Keli5\C51\BIN\C51.EXE main.c OPTIMIZE(8,SPEED) BROWSE DEBUG OBJECTEXTEND PRINT(.\Listings\main.l
                    -st) TABS(2) OBJECT(.\Objects\main.obj)

line level    source

   1          #include <REGX52.H>
   2          
   3          void main()
   4          {
   5   1          //P2=0xFE;此时操作的是八位也就是八个灯的
   6   1        //只操作其中一个的关系如下,头文件也要由reg改称regx
   7   1        P2_0=0;
   8   1        P2_1=1;
   9   1        //一直按，一直可以亮
  10   1        while(1)
  11   1        {
  12   2          //P3表示的是独立案案按键这一块的，
  13   2          //P3_1表示按下了第一个独立按键，按下实狭恋浦
  14   2          if(P3_1==0 || P3_2==0)
  15   2          {
  16   3            P2_0=0;
  17   3          }else{
  18   3            P2_0=1;
  19   3          }
  20   2        }
  21   1      }


MODULE INFORMATION:   STATIC OVERLAYABLE
   CODE SIZE        =     18    ----
   CONSTANT SIZE    =   ----    ----
   XDATA SIZE       =   ----    ----
   PDATA SIZE       =   ----    ----
   DATA SIZE        =   ----    ----
   IDATA SIZE       =   ----    ----
   BIT SIZE         =   ----    ----
END OF MODULE INFORMATION.


C51 COMPILATION COMPLETE.  0 WARNING(S),  0 ERROR(S)
