C51 COMPILER V9.54   MAIN                                                                  08/02/2023 17:35:50 PAGE 1   


C51 COMPILER V9.54, COMPILATION OF MODULE MAIN
OBJECT MODULE PLACED IN .\Objects\main.obj
COMPILER INVOKED BY: F:\Keli5\C51\BIN\C51.EXE main.c OPTIMIZE(8,SPEED) BROWSE DEBUG OBJECTEXTEND PRINT(.\Listings\main.l
                    -st) TABS(2) OBJECT(.\Objects\main.obj)

line level    source

   1          #include <REGX52.H>
   2          #include <intrins.h>
   3          
   4          void Delay1ms(unsigned int xms)   //@12.000MHz
   5          {
   6   1        unsigned char i, j;
   7   1        while(xms!=0)
   8   1        {
   9   2          //这几句是自带的延时函数
  10   2          i = 2;
  11   2        j = 239;
  12   2        do
  13   2        {
  14   3          while (--j);
  15   3        } while (--i);
  16   2         xms=xms-1;//这一个和WHILE循环组合来控制这个一个自定义延时
  17   2        }
  18   1        
  19   1      }
  20          
  21          void main()
  22          {
  23   1       while(1)
  24   1       {
  25   2        P2=0XFE;//??????? 1111 1110
  26   2        Delay1ms(100);
  27   2        P2=0XFD;//??????? 1111 1101
  28   2        Delay1ms(100);
  29   2        P2=0XFB;//??????? 1111 1011
  30   2        Delay1ms(100);
  31   2        P2=0XF7;//??????? 1111 0111
  32   2        Delay1ms(100);
  33   2        P2=0XEF;//??????? 1110 1111
  34   2        Delay1ms(100);
  35   2        P2=0XDF;//??????? 1101 1110
  36   2        Delay1ms(100);
  37   2        P2=0XBF;//??????? 1011 1110
  38   2        Delay1ms(100);
  39   2        P2=0X7F;//??????? 0111 1110
  40   2        Delay1ms(100);
  41   2      }
  42   1      }


MODULE INFORMATION:   STATIC OVERLAYABLE
   CODE SIZE        =     74    ----
   CONSTANT SIZE    =   ----    ----
   XDATA SIZE       =   ----    ----
   PDATA SIZE       =   ----    ----
   DATA SIZE        =   ----    ----
   IDATA SIZE       =   ----    ----
   BIT SIZE         =   ----    ----
END OF MODULE INFORMATION.


C51 COMPILATION COMPLETE.  0 WARNING(S),  0 ERROR(S)
