C51 COMPILER V9.54   BUZZER                                                                08/14/2023 15:39:32 PAGE 1   


C51 COMPILER V9.54, COMPILATION OF MODULE BUZZER
OBJECT MODULE PLACED IN .\Objects\Buzzer.obj
COMPILER INVOKED BY: F:\Keli5\C51\BIN\C51.EXE Buzzer.c OPTIMIZE(8,SPEED) BROWSE DEBUG OBJECTEXTEND PRINT(.\Listings\Buzz
                    -er.lst) TABS(2) OBJECT(.\Objects\Buzzer.obj)

line level    source

   1          #include <REGX52.H>
   2          #include <INTRINS.h>
   3          #include "Delay1.h"
   4          #include "Key.h"
   5          #include "Nixie.h" 
   6          
   7          //这个新的板子由于引脚冲突，所有不是视频中的P1口
   8          sbit Buzzer=P2^5;
   9          
  10          void Buzzer_Delay500us()    //@12.000MHz
  11          {
  12   1        unsigned char i;
  13   1      
  14   1        _nop_();
  15   1        i = 247;
  16   1        while (--i);
  17   1      }
  18          
  19          void Buzzer_time(unsigned int xms)
  20          {
  21   1          unsigned int i;
  22   1          for(i=0;i<xms*2;i++)
  23   1        {
  24   2          Buzzer=!Buzzer;
  25   2          Buzzer_Delay500us();
  26   2        }
  27   1      }


MODULE INFORMATION:   STATIC OVERLAYABLE
   CODE SIZE        =     40    ----
   CONSTANT SIZE    =   ----    ----
   XDATA SIZE       =   ----    ----
   PDATA SIZE       =   ----    ----
   DATA SIZE        =   ----    ----
   IDATA SIZE       =   ----    ----
   BIT SIZE         =   ----    ----
END OF MODULE INFORMATION.


C51 COMPILATION COMPLETE.  0 WARNING(S),  0 ERROR(S)
