C51 COMPILER V9.54   INT0                                                                  10/04/2023 13:30:51 PAGE 1   


C51 COMPILER V9.54, COMPILATION OF MODULE INT0
OBJECT MODULE PLACED IN .\Objects\Int0.obj
COMPILER INVOKED BY: F:\Keli5\C51\BIN\C51.EXE Int0.c OPTIMIZE(8,SPEED) BROWSE DEBUG OBJECTEXTEND PRINT(.\Listings\Int0.l
                    -st) TABS(2) OBJECT(.\Objects\Int0.obj)

line level    source

   1          #include <REGX52.H>
   2          sbit IRIN=P3^2;
   3          void Int0_Init(void)
   4          {
   5   1        IT0=1;//下降沿触发
   6   1      
   7   1        EX0=1;
   8   1        EA=1;
   9   1        PX0=1;
  10   1        IRIN=1;
  11   1      }
  12          /*
  13          void Int0_Routine(void) interrupt 0
  14          {
  15            
  16          }
  17          */


MODULE INFORMATION:   STATIC OVERLAYABLE
   CODE SIZE        =     11    ----
   CONSTANT SIZE    =   ----    ----
   XDATA SIZE       =   ----    ----
   PDATA SIZE       =   ----    ----
   DATA SIZE        =   ----    ----
   IDATA SIZE       =   ----    ----
   BIT SIZE         =   ----    ----
END OF MODULE INFORMATION.


C51 COMPILATION COMPLETE.  0 WARNING(S),  0 ERROR(S)
