C51 COMPILER V9.54   MAIN                                                                  10/02/2023 20:41:40 PAGE 1   


C51 COMPILER V9.54, COMPILATION OF MODULE MAIN
OBJECT MODULE PLACED IN .\Objects\main.obj
COMPILER INVOKED BY: F:\Keli5\C51\BIN\C51.EXE main.c OPTIMIZE(8,SPEED) BROWSE DEBUG OBJECTEXTEND PRINT(.\Listings\main.l
                    -st) TABS(2) OBJECT(.\Objects\main.obj)

line level    source

   1          #include <REGX52.H>
   2          #include "Delay.h"
   3          #include "LCD1602.h"
   4          #include "Int0.h"
   5          #include "Timer0.h"
   6          #include "IR.h"
   7          
   8          unsigned char Num;
   9          unsigned int Time;//计时时间
  10          
  11          unsigned char Address;
  12          unsigned char Command;
  13          
  14          void main()
  15          {
  16   1        LCD_Init();
  17   1        LCD_ShowString(1,1,"A");
  18   1        IR_Init();
  19   1          while(1)
  20   1        {
  21   2         if(IR_GetDataFlag())
  22   2         {
  23   3          Address=IR_GetAddress();
  24   3          Command=IR_GetCommand();
  25   3           LCD_ShowHexNum(2,1,Address,2);
  26   3           LCD_ShowHexNum(2,5,Command,2);
  27   3         }
  28   2         }
  29   1      }
  30          
  31            


MODULE INFORMATION:   STATIC OVERLAYABLE
   CODE SIZE        =     67    ----
   CONSTANT SIZE    =      2    ----
   XDATA SIZE       =   ----    ----
   PDATA SIZE       =   ----    ----
   DATA SIZE        =      5    ----
   IDATA SIZE       =   ----    ----
   BIT SIZE         =   ----    ----
END OF MODULE INFORMATION.


C51 COMPILATION COMPLETE.  0 WARNING(S),  0 ERROR(S)
