C51 COMPILER V9.54   UART                                                                  10/07/2023 18:16:43 PAGE 1   


C51 COMPILER V9.54, COMPILATION OF MODULE UART
OBJECT MODULE PLACED IN .\Objects\UART.obj
COMPILER INVOKED BY: F:\Keli5\C51\BIN\C51.EXE UART.c OPTIMIZE(8,SPEED) BROWSE DEBUG OBJECTEXTEND PRINT(.\Listings\UART.l
                    -st) TABS(2) OBJECT(.\Objects\UART.obj)

line level    source

   1          #include <REGX52.H>
   2          
   3          
   4          //传入参数，波特率
   5          void UART_Init(unsigned int ptr)
   6          {
   7   1        TMOD=(TMOD&0X0F)|0X20;
   8   1        TH1=256-11059200/32/12/ptr;//TH1的计算方式
   9   1        TL1=TH1;
  10   1        TR1=1;//定时器1开始工作
  11   1        ET1=0;
  12   1        SCON=0X50;
  13   1        ES=1;
  14   1      }
  15          //发送数据
  16          void UART_SendData(unsigned char inf)
  17          {
  18   1        SBUF=inf;//数据缓冲寄存器,只要把这个数据放入SBUF中，他就会自动发出去
  19   1        while(TI==0);
  20   1        //数据发送结束之后，TI表示标志位，会自动置1，同时结束循环，从新
  21   1        //把TI置0，以便于下一次的发送
  22   1        TI=0;
  23   1        
  24   1      }


MODULE INFORMATION:   STATIC OVERLAYABLE
   CODE SIZE        =     50    ----
   CONSTANT SIZE    =   ----    ----
   XDATA SIZE       =   ----    ----
   PDATA SIZE       =   ----    ----
   DATA SIZE        =   ----    ----
   IDATA SIZE       =   ----    ----
   BIT SIZE         =   ----    ----
END OF MODULE INFORMATION.


C51 COMPILATION COMPLETE.  0 WARNING(S),  0 ERROR(S)
