C51 COMPILER V9.54   MAIN                                                                  08/02/2023 17:12:59 PAGE 1   


C51 COMPILER V9.54, COMPILATION OF MODULE MAIN
OBJECT MODULE PLACED IN .\Objects\main.obj
COMPILER INVOKED BY: F:\Keli5\C51\BIN\C51.EXE main.c OPTIMIZE(8,SPEED) BROWSE DEBUG OBJECTEXTEND PRINT(.\Listings\main.l
                    -st) TABS(2) OBJECT(.\Objects\main.obj)

line level    source

   1          #include <REGX52.H>
   2          #include <intrins.h>
   3          void Delay500ms()   //@12.000MHz
   4          {
   5   1        unsigned char i, j, k;
   6   1      
   7   1        _nop_();
   8   1        i = 4;
   9   1        j = 205;
  10   1        k = 187;
  11   1        do
  12   1        {
  13   2          do
  14   2          {
  15   3            while (--k);
  16   3          } while (--j);
  17   2        } while (--i);
  18   1      }
  19          
  20          void main()
  21          {
  22   1       while(1)
  23   1      {
  24   2        P2=0XFE;//建议流水灯原理 1111 1110
  25   2        Delay500ms();
  26   2        P2=0XFD;//建议流水灯原理 1111 1101
  27   2        Delay500ms();
  28   2        P2=0XFB;//建议流水灯原理 1111 1011
  29   2        Delay500ms();
  30   2        P2=0XF7;//建议流水灯原理 1111 0111
  31   2        Delay500ms();
  32   2        P2=0XEF;//建议流水灯原理 1110 1111
  33   2        Delay500ms();
  34   2        P2=0XDF;//建议流水灯原理 1101 1110
  35   2        Delay500ms();
  36   2        P2=0XBF;//建议流水灯原理 1011 1110
  37   2        Delay500ms();
  38   2        P2=0X7F;//建议流水灯原理 0111 1110
  39   2        Delay500ms();
  40   2      }
  41   1      }


MODULE INFORMATION:   STATIC OVERLAYABLE
   CODE SIZE        =     64    ----
   CONSTANT SIZE    =   ----    ----
   XDATA SIZE       =   ----    ----
   PDATA SIZE       =   ----    ----
   DATA SIZE        =   ----    ----
   IDATA SIZE       =   ----    ----
   BIT SIZE         =   ----    ----
END OF MODULE INFORMATION.


C51 COMPILATION COMPLETE.  0 WARNING(S),  0 ERROR(S)
