C51 COMPILER V9.54   MAIN                                                                  08/15/2023 22:39:00 PAGE 1   


C51 COMPILER V9.54, COMPILATION OF MODULE MAIN
OBJECT MODULE PLACED IN .\Objects\main.obj
COMPILER INVOKED BY: F:\Keli5\C51\BIN\C51.EXE main.c OPTIMIZE(8,SPEED) BROWSE DEBUG OBJECTEXTEND PRINT(.\Listings\main.l
                    -st) TABS(2) OBJECT(.\Objects\main.obj)

line level    source

   1          #include <REGX52.H>
   2          #include "Delay.h"
   3          #include "Timer0.h"
   4          sbit Buzzer=P2^5;
   5          #define SPEED 700
   6          //Èü≥Á¨¶‰∏éÁ¥¢ÂºïÂØπÂ∫îË°®ÔºåPÔºö‰ºëÊ≠¢Á¨¶ÔºåLÔºö‰ΩéÈü≥ÔºåMÔºö‰∏≠Èü≥ÔºåHÔºöÈ´òÈü≥Ôºå‰∏ãÂàíÁ∫øÔºöÂçáÂçäÈü≥Á
             -¨¶Âè∑#
   7          #define P 0
   8          #define L1  1
   9          #define L1_ 2
  10          #define L2  3
  11          #define L2_ 4
  12          #define L3  5
  13          #define L4  6
  14          #define L4_ 7
  15          #define L5  8
  16          #define L5_ 9
  17          #define L6  10
  18          #define L6_ 11
  19          #define L7  12
  20          #define M1  13
  21          #define M1_ 14
  22          #define M2  15
  23          #define M2_ 16
  24          #define M3  17
  25          #define M4  18
  26          #define M4_ 19
  27          #define M5  20
  28          #define M5_ 21
  29          #define M6  22
  30          #define M6_ 23
  31          #define M7  24
  32          #define H1  25
  33          #define H1_ 26
  34          #define H2  27
  35          #define H2_ 28
  36          #define H3  29
  37          #define H4  30
  38          #define H4_ 31
  39          #define H5  32
  40          #define H5_ 33
  41          #define H6  34
  42          #define H6_ 35
  43          #define H7  36
  44           
  45          //Á¥¢Âºï‰∏éÈ¢ëÁéáÂØπÁÖßË°®
  46          unsigned int FreqTable[]={
  47            0,
  48            63628,63731,63835,63928,64021,64103,64185,64260,64331,64400,64463,64528,
  49            64580,64633,64684,64732,64777,64820,64860,64898,64934,64968,65000,65030,
  50            65058,65085,65110,65134,65157,65178,65198,65217,65235,65252,65268,65283,
  51          };
  52           
  53          //‰πêË∞±
C51 COMPILER V9.54   MAIN                                                                  08/15/2023 22:39:00 PAGE 2   

  54          unsigned int code Music[]={
  55            //Èü≥Á¨¶,Êó∂ÂÄº,
  56            
  57            //1
  58           
  59            M2,3,
  60            M1,1,
  61            M2,3,
  62            M1,1,
  63            M2,2,
  64            M3,2,
  65            M5,2,
  66            M3,2,
  67            
  68            M2,3,
  69            M1,1,
  70            M2,3,
  71            M1,1,
  72            M2,1,
  73            M3,1,
  74            M2,1,
  75            M1,1,
  76            L5,2,
  77            P,2,
  78            
  79            M2,3,
  80            M1,1,
  81            M2,3,
  82            M1,1,
  83            M2,2,
  84            M3,2,
  85            M5,2,
  86            M3,2,
  87            
  88            M2,3,
  89            M3,1,
  90            M2,2,
  91            M1,1,
  92            M2,5,
  93            P,4,
  94            
  95            M2,3,
  96            M1,1,
  97            M2,3,
  98            M1,1,
  99            M2,2,
 100            M3,2,
 101            M5,2,
 102            M3,2,
 103            
 104            M2,3,
 105            M3,1,
 106            M2,2,
 107            M1,1,
 108            L6,3,
 109            P,2,
 110            M3,1,
 111            M2,1,
 112            M1,1,
 113            M2,1,
 114            
 115            M1,2,
C51 COMPILER V9.54   MAIN                                                                  08/15/2023 22:39:00 PAGE 3   

 116            P,2,
 117            M3,1,
 118            M2,1,
 119            M1,1,
 120            M2,1,
 121            M1,2,
 122            P,2,
 123            M3,1,
 124            M2,1,
 125            M1,1,
 126            M2,1,
 127            
 128            M1,4,
 129            P,6,
 130            M1,2,
 131            M2,2,
 132            M3,2,
 133            
 134            M1,2,
 135            M6,2,
 136            M5,1,
 137            M6,3,
 138            P,1,
 139            M1,1,
 140            M7,2,
 141            M6,1,
 142            M7,3,
 143            
 144            P,2,
 145            M7,2,
 146            M6,1,
 147            M7,3,
 148            M3,2,
 149            H1,1,
 150            H2,1,
 151            H1,1,
 152            M7,1,
 153            M6,2,
 154            
 155            M5,2,
 156            M6,2,
 157            M5,1,
 158            M6,2,
 159            M5,1,
 160            M6,1,
 161            M5,1,
 162            M6,2,
 163            M5,1,
 164            M2,2,
 165            M5,1,
 166            
 167            M5,1,
 168            M3,5,
 169            P,4,
 170            M1,2,
 171            M2,2,
 172            M3,2,
 173            
 174            M1,2,
 175            M6,2,
 176            M5,1,
 177            M6,3,
C51 COMPILER V9.54   MAIN                                                                  08/15/2023 22:39:00 PAGE 4   

 178            P,1,
 179            M1,1,
 180            M7,2,
 181            M6,1,
 182            M7,3,
 183            
 184            P,2,
 185            M7,2,
 186            M6,1,
 187            M7,3,
 188            M3,2,
 189            H1,1,
 190            H2,1,
 191            H1,1,
 192            M7,1,
 193            M6,2,
 194            
 195            M5,2,
 196            M6,2,
 197            H3,4,
 198            M5,2,
 199            M6,2,
 200            H3,3,
 201            M5,1,
 202            
 203            M5,1,
 204            M6,11,
 205            P,2,
 206            H1,2,
 207            
 208            H2,2,
 209            H3,2,
 210            H6,1,
 211            H5,3,
 212            H6,1,
 213            H5,3,
 214            H6,1,
 215            H5,3,
 216            
 217            H2,1,
 218            H3,3,
 219            H6,1,
 220            H5,3,
 221            H6,1,
 222            H5,3,
 223            H6,1,
 224            H5,2,
 225            H3,1,
 226            
 227            H3,3,
 228            H2,2,
 229            H1,1,
 230            M6,2,
 231            H1,3,
 232            H2,2,
 233            H1,1,
 234            M6,2,
 235            
 236            H1,2,
 237            H3,6,
 238            H2,1,
 239            H3,1,
C51 COMPILER V9.54   MAIN                                                                  08/15/2023 22:39:00 PAGE 5   

 240            H2,2,
 241            P,2,
 242            H1,2,
 243            
 244            
 245            
 246            H2,2,
 247            H3,2,
 248            H6,1,
 249            H5,3,
 250            H6,1,
 251            H5,3,
 252            H6,1,
 253            H5,2,
 254            P,1,
 255            
 256            H2,1,
 257            H3,2,
 258            H6,1,
 259            H5,3,
 260            H6,1,
 261            H5,3,
 262            H6,1,
 263            H5,2,
 264            H3,2,
 265            
 266            H3,1,
 267            H2,2,
 268            H1,1,
 269            M6,2,
 270            H3,2,
 271            H2,2,
 272            H1,1,
 273            M6,3,
 274            H1,2,
 275            
 276            H1,8,
 277            M6,1,
 278            H3,3,
 279            H2,2,
 280            H1,1,
 281            M6,1,
 282            
 283            M6,1,
 284            H3,2,
 285            H2,2,
 286            H1,1,
 287            M6,3,
 288            H1,7,
 289            
 290            H1,8,
 291            P,8,
 292            
 293            0xFF
 294            //ÁªàÊ≠¢Ê†áÂøó
 295          };
 296          
 297          unsigned char FreqSelect,MusicSelect;
 298          void main()
 299          {
 300   1        Timer0Init();
 301   1        while(1)
C51 COMPILER V9.54   MAIN                                                                  08/15/2023 22:39:00 PAGE 6   

 302   1        {
 303   2          if(Music[MusicSelect]!=0xFF)  //Â¶ÇÊûú‰∏çÊòØÂÅúÊ≠¢Ê†áÂøó‰Ωç
 304   2          {
 305   3            FreqSelect=Music[MusicSelect];  //ÈÄâÊã©Èü≥Á¨¶ÂØπÂ∫îÁöÑÈ¢ëÁéá
 306   3            MusicSelect++;
 307   3            Delay(SPEED/4*Music[MusicSelect]);  //ÈÄâÊã©Èü≥Á¨¶ÂØπÂ∫îÁöÑÊó∂ÂÄº
 308   3            MusicSelect++;
 309   3            TR0=0;   //ÂÖ≥Èó≠ÂÆöÊó∂Âô®
 310   3            Delay(5); //Èü≥Á¨¶Èó¥Áü≠ÊöÇÂÅúÈ°ø
 311   3            TR0=1;
 312   3          }
 313   2          else  //Â¶ÇÊûúÊòØÂÅúÊ≠¢Ê†áÂøó‰Ωç
 314   2          {
 315   3            TR0=0;  //ÂÖ≥Èó≠ÂÆöÊó∂Âô®
 316   3            while(1);
 317   3          }
 318   2          }
 319   1      }
 320          void Timer0_Routine() interrupt 1
 321          {
 322   1        if(FreqTable[FreqSelect])
 323   1        {
 324   2        TH0=FreqTable[FreqSelect]/256;
 325   2        TL0=FreqTable[FreqSelect]%256;//ËÆæÁΩÆÂÆöÊó∂ÂàùÂÄº
 326   2        Buzzer=!Buzzer;
 327   2        }
 328   1      }


MODULE INFORMATION:   STATIC OVERLAYABLE
   CODE SIZE        =    153    ----
   CONSTANT SIZE    =    826    ----
   XDATA SIZE       =   ----    ----
   PDATA SIZE       =   ----    ----
   DATA SIZE        =     76    ----
   IDATA SIZE       =   ----    ----
   BIT SIZE         =   ----    ----
END OF MODULE INFORMATION.


C51 COMPILATION COMPLETE.  0 WARNING(S),  0 ERROR(S)
