C51 COMPILER V9.54   MAIN                                                                  08/03/2023 23:12:51 PAGE 1   


C51 COMPILER V9.54, COMPILATION OF MODULE MAIN
OBJECT MODULE PLACED IN .\Objects\main.obj
COMPILER INVOKED BY: F:\Keli5\C51\BIN\C51.EXE main.c OPTIMIZE(8,SPEED) BROWSE DEBUG OBJECTEXTEND PRINT(.\Listings\main.l
                    -st) TABS(2) OBJECT(.\Objects\main.obj)

line level    source

   1          #include <REGX52.H>
   2          unsigned char NixieTable[]={0x3F,0x06,0x5B,0x4F,0x66,0x6D,0x7D,0x07,0x7F,0x6F};
   3          //第一个参数显示位置，第二个参数显示什么数字
   4          void Nixie(unsigned int Location,unsigned char Number)
   5          {
   6   1        switch(Location)
   7   1        {
   8   2          //因为第一个数字显示，在数码管上是链接Y7引脚所以为111，所以是三个端口为111
   9   2          case 1:P2_4=1;P2_3=1;P2_2=1; break;
  10   2          case 2:P2_4=1;P2_3=1;P2_2=0; break;
  11   2          case 3:P2_4=1;P2_3=0;P2_2=1; break;
  12   2          case 4:P2_4=1;P2_3=0;P2_2=0; break;
  13   2          case 5:P2_4=0;P2_3=1;P2_2=1; break;
  14   2          case 6:P2_4=0;P2_3=1;P2_2=0; break;
  15   2          case 7:P2_4=0;P2_3=0;P2_2=1; break;
  16   2          case 8:P2_4=0;P2_3=0;P2_2=0; break;
  17   2        }
  18   1        P0=NixieTable[Number];
  19   1      }
  20          
  21          void main()
  22          {
  23   1        Nixie(7,0);
  24   1        while(1){}
  25   1        //整体思路
  26   1        //为了让数码管显示六，因为在74LS138译码器上
  27   1        //LED6结的是Y5，101，所以设置值
  28   1        //P2_4=1;
  29   1        //P2_3=0;
  30   1        //P2_2=1;
  31   1        /*
  32   1        0111 1101 ，在数码管的dpABCDEFG,这个可以保证数码管显示6
  33   1        通过74HC245 ，来设置P0就是直接对应上去输出的每一位，从P07开始对应
  34   1        从高位到低位
  35   1      
  36   1        P0=0x7D;
  37   1         while(1)
  38   1         {
  39   1           
  40   1         }
  41   1        */
  42   1      }


MODULE INFORMATION:   STATIC OVERLAYABLE
   CODE SIZE        =    112    ----
   CONSTANT SIZE    =   ----    ----
   XDATA SIZE       =   ----    ----
   PDATA SIZE       =   ----    ----
   DATA SIZE        =     10    ----
   IDATA SIZE       =   ----    ----
   BIT SIZE         =   ----    ----
END OF MODULE INFORMATION.


C51 COMPILATION COMPLETE.  0 WARNING(S),  0 ERROR(S)
