C51 COMPILER V7.50   IR                                                                    05/29/2009 11:38:43 PAGE 1   


C51 COMPILER V7.50, COMPILATION OF MODULE IR
OBJECT MODULE PLACED IN IR.OBJ
COMPILER INVOKED BY: C:\Keil\C51\BIN\C51.EXE IR.c BROWSE DEBUG OBJECTEXTEND

line level    source

   1          #include"inc.h"
   2          /*****************
   3          名称：IR_REC
   4          功能：遥控接收
   5          *****************/
   6          #define TEST
   7          //
   8          #define IR_BYTE 32 //接收32位
   9          #define IR_SART 0x30//起始符
  10          #define IR_STOP 0x91//结束符1
  11          /*
  12          P3.2----遥控信号输入
  13          send_data 决定发送到PC机的数据格式；
  14          按下1,2号键在TEST1处截到的数据如下：
  15          /**01***（解码：00 FF 90 6F） 
  16          90 30
  17          04 04 04 04 04 04 04 04 04 08 08 08 08 08 08 08 
  18          08 04 04 07 04 04 04 04 04 06 08 04 07 08 08 08
  19          91 28
  20          /**02***（解码：00 FF B8 47 ）
  21          E0 30 
  22          04 04 04 04 04 04 04 04 04 08 08 08 08 08 08 08 
  23          08 04 07 08 08 04 04 04 04 06 04 04 04 07 08 08 
  24          91 28 
  25          /*.........*/
  26          /*--------------------*/
  27          void IR_REC() interrupt 0
  28          {       
  29   1              UR i;
  30   1              static bit STR=0;
  31   1              static UR count=0;//接收位计数
  32   1              static UR IR_time;
  33   1              /****************/
  34   1              TR0=0;
  35   1              if(TL0>200)
  36   1              TH0+=1;
  37   1              IR_time=TH0;
  38   1              TH0=TL0=0;
  39   1              TR0=1;
  40   1              /***********/
  41   1              #ifdef TEST
  42   1              if(IR_time==IR_STOP)//接收结束，发送数据到PC查看
  43   1              {
  44   2                      if(send_data)
  45   2                      { com(&IR_4_DATA,4);}
  46   2              }
  47   1              /*TEST1*/
  48   1              if(!send_data)//对于不明编码,可在这里截取数据找编码规律,诸如：起始符，高/低电平，结束符等！
  49   1              {
  50   2                      com(&IR_time,1);//串口送到PC机显示
  51   2              }
  52   1              #endif
  53   1              /*----------*/
  54   1              if((IR_time>2)&&(IR_time<5))//2-5 为 "0"
  55   1              {       IR_time=0;}
C51 COMPILER V7.50   IR                                                                    05/29/2009 11:38:43 PAGE 2   

  56   1              else if((IR_time>4)&&(IR_time<9))//5-9 为 "1"
  57   1              {IR_time=0x01;}
  58   1              else//错误码
  59   1              {       
  60   2                      STR=0;count=0;
  61   2                      if(IR_SART==IR_time)//起始
  62   2                      {
  63   3                              for(i=0;i<4;i++)//接收缓存清零
  64   3                              {IR_4_DATA[i]=0;}
  65   3                              STR=1;
  66   3                      }
  67   2                      return;
  68   2              }
  69   1              /*----------*/
  70   1              if(STR)//检测到起始位
  71   1              {
  72   2                      if(count<IR_BYTE)//接收IR_BYTE位
  73   2                      {       
  74   3                              IR_4_DATA[count/8]<<=1;
  75   3                              IR_4_DATA[count/8]|=IR_time;
  76   3                      }
  77   2                      count++;
  78   2              }       
  79   1      }
  80          #undef TEST
  81          /********/
  82          void main()
  83          {       sys_initial();
  84   1              while(1)
  85   1              {
  86   2                      ;
  87   2              }
  88   1      }


MODULE INFORMATION:   STATIC OVERLAYABLE
   CODE SIZE        =    277    ----
   CONSTANT SIZE    =   ----    ----
   XDATA SIZE       =   ----    ----
   PDATA SIZE       =   ----    ----
   DATA SIZE        =      6       3
   IDATA SIZE       =   ----    ----
   BIT SIZE         =      2    ----
END OF MODULE INFORMATION.


C51 COMPILATION COMPLETE.  0 WARNING(S),  0 ERROR(S)
